TN:
SF:src/proyecto/BaseDeDatos/BaseDeDatos.ts
FN:37,<instance_members_initializer>
FN:54,BaseDeDatos
FN:99,buscarMueble
FN:125,adicionarMueble
FN:149,editarMueble
FN:198,deleteMueble
FN:224,adicionarCliente
FN:241,editarCliente
FN:270,deleteCliente
FN:283,adicionarProveedor
FN:300,editarProveedor
FN:329,deleteProveedor
FN:342,adicionarVenta
FN:360,deleteVenta
FN:373,adicionarDevolucion
FN:389,deleteDevolucion
FN:403,notify
FN:411,subscribe
FN:418,unsubscribe
FN:427,insertarMuebleCategoria
FN:438,get stock
FN:453,getClientes
FN:472,getProveedores
FN:490,get proveedores
FN:498,get ventas
FN:506,get devoluciones
FN:513,returnStrat
FNF:27
FNH:26
FNDA:36,<instance_members_initializer>
FNDA:36,BaseDeDatos
FNDA:10,buscarMueble
FNDA:2,adicionarMueble
FNDA:2,editarMueble
FNDA:2,deleteMueble
FNDA:2,adicionarCliente
FNDA:2,editarCliente
FNDA:2,deleteCliente
FNDA:2,adicionarProveedor
FNDA:2,editarProveedor
FNDA:2,deleteProveedor
FNDA:2,adicionarVenta
FNDA:3,deleteVenta
FNDA:2,adicionarDevolucion
FNDA:3,deleteDevolucion
FNDA:3,notify
FNDA:36,subscribe
FNDA:0,unsubscribe
FNDA:1,insertarMuebleCategoria
FNDA:6,get stock
FNDA:5,getClientes
FNDA:5,getProveedores
FNDA:1,get proveedores
FNDA:12,get ventas
FNDA:11,get devoluciones
FNDA:4,returnStrat
DA:1,1
DA:2,1
DA:3,1
DA:4,1
DA:5,1
DA:6,1
DA:7,1
DA:8,1
DA:9,1
DA:10,1
DA:11,1
DA:12,1
DA:13,1
DA:14,1
DA:15,1
DA:16,1
DA:17,1
DA:18,1
DA:19,1
DA:20,1
DA:21,1
DA:22,1
DA:23,1
DA:24,1
DA:25,1
DA:26,1
DA:27,1
DA:28,1
DA:29,1
DA:30,1
DA:31,1
DA:32,1
DA:33,1
DA:34,1
DA:35,1
DA:36,1
DA:37,1
DA:38,36
DA:39,36
DA:40,36
DA:41,36
DA:42,36
DA:43,36
DA:44,36
DA:45,36
DA:46,36
DA:47,36
DA:48,36
DA:49,36
DA:50,36
DA:51,36
DA:52,36
DA:53,36
DA:54,36
DA:55,36
DA:56,108
DA:57,108
DA:58,108
DA:59,108
DA:60,108
DA:61,108
DA:62,785
DA:63,720
DA:64,720
DA:65,785
DA:66,108
DA:67,108
DA:68,36
DA:69,36
DA:70,36
DA:71,333
DA:72,333
DA:73,36
DA:74,36
DA:75,36
DA:76,339
DA:77,339
DA:78,36
DA:79,36
DA:80,36
DA:81,595
DA:82,595
DA:83,36
DA:84,36
DA:85,36
DA:86,307
DA:87,307
DA:88,36
DA:89,36
DA:90,36
DA:91,36
DA:92,36
DA:93,36
DA:94,36
DA:95,36
DA:96,36
DA:97,36
DA:98,36
DA:99,36
DA:100,10
DA:101,10
DA:102,10
DA:103,10
DA:104,10
DA:105,10
DA:106,10
DA:107,10
DA:108,10
DA:109,30
DA:110,200
DA:111,218
DA:112,218
DA:113,218
DA:114,218
DA:115,218
DA:116,200
DA:117,200
DA:118,30
DA:119,10
DA:120,10
DA:121,10
DA:122,36
DA:123,36
DA:124,36
DA:125,36
DA:126,2
DA:127,1
DA:128,1
DA:129,1
DA:130,1
DA:131,1
DA:132,1
DA:133,1
DA:134,9
DA:135,9
DA:136,1
DA:137,1
DA:138,1
DA:139,1
DA:140,1
DA:141,1
DA:142,36
DA:143,36
DA:144,36
DA:145,36
DA:146,36
DA:147,36
DA:148,36
DA:149,36
DA:150,2
DA:151,2
DA:152,2
DA:153,2
DA:154,2
DA:155,2
DA:156,2
DA:157,2
DA:158,2
DA:159,2
DA:160,2
DA:161,1
DA:162,1
DA:163,1
DA:164,2
DA:165,0
DA:166,0
DA:167,0
DA:168,0
DA:169,0
DA:170,0
DA:171,0
DA:172,0
DA:173,0
DA:174,0
DA:175,0
DA:176,1
DA:177,2
DA:178,3
DA:179,22
DA:180,1
DA:181,1
DA:182,1
DA:183,1
DA:184,1
DA:185,1
DA:186,1
DA:187,1
DA:188,22
DA:189,2
DA:190,0
DA:191,0
DA:192,36
DA:193,36
DA:194,36
DA:195,36
DA:196,36
DA:197,36
DA:198,36
DA:199,2
DA:200,1
DA:201,1
DA:202,2
DA:203,0
DA:204,0
DA:205,0
DA:206,0
DA:207,1
DA:208,1
DA:209,1
DA:210,1
DA:211,1
DA:212,1
DA:213,1
DA:214,1
DA:215,1
DA:216,0
DA:217,0
DA:218,0
DA:219,36
DA:220,36
DA:221,36
DA:222,36
DA:223,36
DA:224,36
DA:225,2
DA:226,1
DA:227,1
DA:228,1
DA:229,2
DA:230,4
DA:231,4
DA:232,1
DA:233,1
DA:234,1
DA:235,1
DA:236,36
DA:237,36
DA:238,36
DA:239,36
DA:240,36
DA:241,36
DA:242,2
DA:243,2
DA:244,2
DA:245,2
DA:246,2
DA:247,1
DA:248,1
DA:249,2
DA:250,9
DA:251,1
DA:252,1
DA:253,1
DA:254,1
DA:255,9
DA:256,2
DA:257,9
DA:258,1
DA:259,1
DA:260,1
DA:261,1
DA:262,9
DA:263,1
DA:264,1
DA:265,36
DA:266,36
DA:267,36
DA:268,36
DA:269,36
DA:270,36
DA:271,2
DA:272,1
DA:273,1
DA:274,1
DA:275,1
DA:276,1
DA:277,1
DA:278,36
DA:279,36
DA:280,36
DA:281,36
DA:282,36
DA:283,36
DA:284,2
DA:285,1
DA:286,1
DA:287,1
DA:288,2
DA:289,4
DA:290,4
DA:291,1
DA:292,1
DA:293,1
DA:294,1
DA:295,36
DA:296,36
DA:297,36
DA:298,36
DA:299,36
DA:300,36
DA:301,2
DA:302,2
DA:303,2
DA:304,2
DA:305,2
DA:306,1
DA:307,1
DA:308,2
DA:309,9
DA:310,1
DA:311,1
DA:312,1
DA:313,1
DA:314,9
DA:315,2
DA:316,9
DA:317,1
DA:318,1
DA:319,1
DA:320,1
DA:321,9
DA:322,1
DA:323,1
DA:324,36
DA:325,36
DA:326,36
DA:327,36
DA:328,36
DA:329,36
DA:330,2
DA:331,1
DA:332,1
DA:333,1
DA:334,1
DA:335,1
DA:336,1
DA:337,36
DA:338,36
DA:339,36
DA:340,36
DA:341,36
DA:342,36
DA:343,2
DA:344,2
DA:345,10
DA:346,10
DA:347,2
DA:348,2
DA:349,10
DA:350,2
DA:351,2
DA:352,2
DA:353,2
DA:354,2
DA:355,36
DA:356,36
DA:357,36
DA:358,36
DA:359,36
DA:360,36
DA:361,3
DA:362,1
DA:363,1
DA:364,2
DA:365,2
DA:366,2
DA:367,2
DA:368,36
DA:369,36
DA:370,36
DA:371,36
DA:372,36
DA:373,36
DA:374,2
DA:375,2
DA:376,10
DA:377,10
DA:378,2
DA:379,2
DA:380,10
DA:381,2
DA:382,2
DA:383,2
DA:384,36
DA:385,36
DA:386,36
DA:387,36
DA:388,36
DA:389,36
DA:390,3
DA:391,1
DA:392,1
DA:393,2
DA:394,2
DA:395,2
DA:396,2
DA:397,36
DA:398,36
DA:399,36
DA:400,36
DA:401,36
DA:402,36
DA:403,36
DA:404,3
DA:405,3
DA:406,36
DA:407,36
DA:408,36
DA:409,36
DA:410,36
DA:411,36
DA:412,36
DA:413,36
DA:414,36
DA:415,36
DA:416,36
DA:417,36
DA:418,36
DA:419,0
DA:420,0
DA:421,36
DA:422,36
DA:423,36
DA:424,36
DA:425,36
DA:426,36
DA:427,36
DA:428,1
DA:429,1
DA:430,1
DA:431,1
DA:432,1
DA:433,36
DA:434,36
DA:435,36
DA:436,36
DA:437,36
DA:438,36
DA:439,6
DA:440,6
DA:441,18
DA:442,18
DA:443,121
DA:444,121
DA:445,18
DA:446,6
DA:447,6
DA:448,36
DA:449,36
DA:450,36
DA:451,36
DA:452,36
DA:453,36
DA:454,5
DA:455,5
DA:456,5
DA:457,5
DA:458,5
DA:459,5
DA:460,47
DA:461,47
DA:462,47
DA:463,47
DA:464,47
DA:465,5
DA:466,5
DA:467,36
DA:468,36
DA:469,36
DA:470,36
DA:471,36
DA:472,36
DA:473,5
DA:474,5
DA:475,5
DA:476,5
DA:477,5
DA:478,5
DA:479,47
DA:480,47
DA:481,47
DA:482,47
DA:483,47
DA:484,5
DA:485,5
DA:486,36
DA:487,36
DA:488,36
DA:489,36
DA:490,36
DA:491,1
DA:492,1
DA:493,36
DA:494,36
DA:495,36
DA:496,36
DA:497,36
DA:498,36
DA:499,12
DA:500,12
DA:501,36
DA:502,36
DA:503,36
DA:504,36
DA:505,36
DA:506,36
DA:507,11
DA:508,11
DA:509,36
DA:510,1
DA:511,1
DA:512,1
DA:513,1
DA:514,4
DA:515,4
DA:516,4
DA:517,4
DA:518,4
DA:519,4
DA:520,0
DA:521,0
DA:522,4
DA:523,0
DA:524,0
DA:525,4
DA:526,0
DA:527,0
DA:528,4
DA:529,4
DA:530,4
DA:531,1
DA:532,1
DA:533,1
DA:534,1
DA:535,1
DA:536,1
DA:537,1
LF:537
LH:509
BRDA:28,0,0,1
BRDA:37,1,0,36
BRDA:54,2,0,36
BRDA:55,3,0,108
BRDA:61,4,0,785
BRDA:62,5,0,720
BRDA:70,6,0,333
BRDA:75,7,0,339
BRDA:80,8,0,595
BRDA:85,9,0,307
BRDA:99,10,0,10
BRDA:108,11,0,30
BRDA:109,12,0,200
BRDA:120,13,0,4
BRDA:120,14,0,6
BRDA:110,15,0,218
BRDA:111,16,0,196
BRDA:111,17,0,196
BRDA:111,18,0,196
BRDA:111,19,0,0
BRDA:112,20,0,22
BRDA:112,21,0,217
BRDA:113,22,0,0
BRDA:113,23,0,217
BRDA:114,24,0,0
BRDA:114,25,0,217
BRDA:115,26,0,196
BRDA:125,27,0,2
BRDA:126,28,0,1
BRDA:133,29,0,9
BRDA:149,30,0,2
BRDA:160,31,0,1
BRDA:164,32,0,0
BRDA:176,33,0,1
BRDA:177,34,0,3
BRDA:178,35,0,22
BRDA:179,36,0,1
BRDA:181,37,0,0
BRDA:182,38,0,0
BRDA:183,39,0,0
BRDA:184,40,0,0
BRDA:189,41,0,2
BRDA:189,42,0,0
BRDA:198,43,0,2
BRDA:199,44,0,1
BRDA:202,45,0,0
BRDA:207,46,0,1
BRDA:216,47,0,0
BRDA:217,48,0,0
BRDA:224,49,0,2
BRDA:225,50,0,1
BRDA:229,51,0,4
BRDA:232,52,0,1
BRDA:225,53,0,17
BRDA:241,54,0,2
BRDA:246,55,0,1
BRDA:249,56,0,9
BRDA:250,57,0,1
BRDA:252,58,0,0
BRDA:253,59,0,0
BRDA:256,60,0,1
BRDA:256,61,0,9
BRDA:257,62,0,1
BRDA:259,63,0,0
BRDA:260,64,0,0
BRDA:263,65,0,1
BRDA:246,66,0,10
BRDA:270,67,0,2
BRDA:271,68,0,1
BRDA:271,69,0,11
BRDA:274,70,0,10
BRDA:275,71,0,10
BRDA:283,72,0,2
BRDA:284,73,0,1
BRDA:288,74,0,4
BRDA:291,75,0,1
BRDA:284,76,0,10
BRDA:300,77,0,2
BRDA:305,78,0,1
BRDA:308,79,0,9
BRDA:309,80,0,1
BRDA:311,81,0,0
BRDA:312,82,0,0
BRDA:315,83,0,1
BRDA:315,84,0,9
BRDA:316,85,0,1
BRDA:318,86,0,0
BRDA:319,87,0,0
BRDA:322,88,0,1
BRDA:305,89,0,10
BRDA:329,90,0,2
BRDA:330,91,0,1
BRDA:330,92,0,10
BRDA:333,93,0,10
BRDA:334,94,0,10
BRDA:342,95,0,2
BRDA:344,96,0,10
BRDA:346,97,0,2
BRDA:360,98,0,3
BRDA:361,99,0,1
BRDA:364,100,0,2
BRDA:361,101,0,36
BRDA:364,102,0,35
BRDA:365,103,0,35
BRDA:373,104,0,2
BRDA:375,105,0,10
BRDA:377,106,0,2
BRDA:389,107,0,3
BRDA:390,108,0,1
BRDA:393,109,0,2
BRDA:390,110,0,20
BRDA:393,111,0,19
BRDA:394,112,0,19
BRDA:403,113,0,3
BRDA:404,114,0,2
BRDA:411,115,0,36
BRDA:427,116,0,1
BRDA:438,117,0,6
BRDA:440,118,0,18
BRDA:442,119,0,121
BRDA:453,120,0,5
BRDA:459,121,0,47
BRDA:460,122,0,0
BRDA:460,123,0,0
BRDA:460,124,0,0
BRDA:460,125,0,0
BRDA:461,126,0,43
BRDA:462,127,0,0
BRDA:462,128,0,43
BRDA:463,129,0,0
BRDA:463,130,0,43
BRDA:464,131,0,0
BRDA:472,132,0,5
BRDA:478,133,0,47
BRDA:479,134,0,0
BRDA:479,135,0,0
BRDA:479,136,0,0
BRDA:479,137,0,0
BRDA:480,138,0,43
BRDA:481,139,0,0
BRDA:481,140,0,43
BRDA:482,141,0,0
BRDA:482,142,0,43
BRDA:483,143,0,0
BRDA:490,144,0,1
BRDA:498,145,0,12
BRDA:506,146,0,11
BRDA:513,147,0,4
BRDA:519,148,0,0
BRDA:522,149,0,0
BRDA:525,150,0,0
BRDA:533,151,0,1
BRF:152
BRH:115
end_of_record
TN:
SF:src/proyecto/BaseDeDatos/OrdenarAlfabeticamente.ts
FN:18,sort
FNF:1
FNH:1
FNDA:5,sort
DA:1,1
DA:2,1
DA:3,1
DA:4,1
DA:5,1
DA:6,1
DA:7,1
DA:8,1
DA:9,1
DA:10,1
DA:11,1
DA:12,1
DA:13,1
DA:14,1
DA:15,1
DA:16,1
DA:17,1
DA:18,1
DA:19,5
DA:20,1
DA:21,1
DA:22,1
DA:23,0
DA:24,0
DA:25,0
DA:26,0
DA:27,0
DA:28,0
DA:29,5
DA:30,1
LF:30
LH:24
BRDA:18,0,0,5
BRDA:19,1,0,1
BRDA:23,2,0,0
BRF:3
BRH:2
end_of_record
TN:
SF:src/proyecto/BaseDeDatos/OrdenarPorId.ts
FN:18,sort
FNF:1
FNH:1
FNDA:7,sort
DA:1,1
DA:2,1
DA:3,1
DA:4,1
DA:5,1
DA:6,1
DA:7,1
DA:8,1
DA:9,1
DA:10,1
DA:11,1
DA:12,1
DA:13,1
DA:14,1
DA:15,1
DA:16,1
DA:17,1
DA:18,1
DA:19,7
DA:20,1
DA:21,0
DA:22,0
DA:23,1
DA:24,1
DA:25,1
DA:26,0
DA:27,0
DA:28,0
DA:29,7
DA:30,1
LF:30
LH:25
BRDA:18,0,0,7
BRDA:19,1,0,1
BRDA:20,2,0,0
BRDA:26,3,0,0
BRF:4
BRH:2
end_of_record
TN:
SF:src/proyecto/BaseDeDatos/OrdenarPorPrecio.ts
FN:18,sort
FNF:1
FNH:1
FNDA:1,sort
DA:1,1
DA:2,1
DA:3,1
DA:4,1
DA:5,1
DA:6,1
DA:7,1
DA:8,1
DA:9,1
DA:10,1
DA:11,1
DA:12,1
DA:13,1
DA:14,1
DA:15,1
DA:16,1
DA:17,1
DA:18,1
DA:19,1
DA:20,1
DA:21,1
DA:22,1
DA:23,0
DA:24,0
DA:25,0
DA:26,0
DA:27,0
DA:28,0
DA:29,1
DA:30,1
LF:30
LH:24
BRDA:18,0,0,1
BRDA:19,1,0,1
BRDA:23,2,0,0
BRF:3
BRH:2
end_of_record
TN:
SF:src/proyecto/Items/Muebles/Armario.ts
FN:16,<instance_members_initializer>
FN:19,Armario
FN:41,get cajones
FN:49,get puertas
FN:57,set cajones
FN:65,set puertas
FNF:6
FNH:6
FNDA:12,<instance_members_initializer>
FNDA:12,Armario
FNDA:4,get cajones
FNDA:4,get puertas
FNDA:2,set cajones
FNDA:2,set puertas
DA:1,1
DA:2,1
DA:3,1
DA:4,1
DA:5,1
DA:6,1
DA:7,1
DA:8,1
DA:9,1
DA:10,1
DA:11,1
DA:12,1
DA:13,1
DA:14,1
DA:15,1
DA:16,1
DA:17,12
DA:18,12
DA:19,12
DA:20,12
DA:21,12
DA:22,12
DA:23,12
DA:24,12
DA:25,12
DA:26,12
DA:27,12
DA:28,12
DA:29,12
DA:30,12
DA:31,12
DA:32,12
DA:33,12
DA:34,12
DA:35,12
DA:36,12
DA:37,12
DA:38,12
DA:39,12
DA:40,12
DA:41,12
DA:42,4
DA:43,4
DA:44,12
DA:45,12
DA:46,12
DA:47,12
DA:48,12
DA:49,12
DA:50,4
DA:51,4
DA:52,12
DA:53,12
DA:54,12
DA:55,12
DA:56,12
DA:57,12
DA:58,2
DA:59,2
DA:60,12
DA:61,12
DA:62,12
DA:63,12
DA:64,12
DA:65,12
DA:66,2
DA:67,2
DA:68,12
LF:68
LH:68
BRDA:16,0,0,12
BRDA:19,1,0,12
BRDA:41,2,0,4
BRDA:49,3,0,4
BRDA:57,4,0,2
BRDA:65,5,0,2
BRF:6
BRH:6
end_of_record
TN:
SF:src/proyecto/Items/Muebles/Mesa.ts
FN:16,<instance_members_initializer>
FN:19,Mesa
FN:41,get extensible
FN:49,set extensible
FN:57,get sillas
FN:65,set sillas
FNF:6
FNH:6
FNDA:10,<instance_members_initializer>
FNDA:10,Mesa
FNDA:4,get extensible
FNDA:2,set extensible
FNDA:4,get sillas
FNDA:2,set sillas
DA:1,1
DA:2,1
DA:3,1
DA:4,1
DA:5,1
DA:6,1
DA:7,1
DA:8,1
DA:9,1
DA:10,1
DA:11,1
DA:12,1
DA:13,1
DA:14,1
DA:15,1
DA:16,1
DA:17,10
DA:18,10
DA:19,10
DA:20,10
DA:21,10
DA:22,10
DA:23,10
DA:24,10
DA:25,10
DA:26,10
DA:27,10
DA:28,10
DA:29,10
DA:30,10
DA:31,10
DA:32,10
DA:33,10
DA:34,10
DA:35,10
DA:36,10
DA:37,10
DA:38,10
DA:39,10
DA:40,10
DA:41,10
DA:42,4
DA:43,4
DA:44,10
DA:45,10
DA:46,10
DA:47,10
DA:48,10
DA:49,10
DA:50,2
DA:51,2
DA:52,10
DA:53,10
DA:54,10
DA:55,10
DA:56,10
DA:57,10
DA:58,4
DA:59,4
DA:60,10
DA:61,10
DA:62,10
DA:63,10
DA:64,10
DA:65,10
DA:66,2
DA:67,2
DA:68,10
LF:68
LH:68
BRDA:16,0,0,10
BRDA:19,1,0,10
BRDA:41,2,0,4
BRDA:49,3,0,2
BRDA:57,4,0,4
BRDA:65,5,0,2
BRF:6
BRH:6
end_of_record
TN:
SF:src/proyecto/Items/Muebles/Mueble.ts
FN:23,<instance_members_initializer>
FN:34,Mueble
FN:49,get id
FN:57,get nombre
FN:65,get descripcion
FN:73,get material
FN:81,get dimensiones
FN:89,get precio
FN:97,get tipo
FN:105,set id
FN:113,set nombre
FN:121,set descripcion
FN:129,set material
FN:137,set dimensiones
FN:145,set precio
FN:154,set tipo
FNF:16
FNH:16
FNDA:44,<instance_members_initializer>
FNDA:44,Mueble
FNDA:12,get id
FNDA:11,get nombre
FNDA:6,get descripcion
FNDA:6,get material
FNDA:6,get dimensiones
FNDA:8,get precio
FNDA:16,get tipo
FNDA:3,set id
FNDA:3,set nombre
FNDA:3,set descripcion
FNDA:3,set material
FNDA:3,set dimensiones
FNDA:3,set precio
FNDA:8,set tipo
DA:1,1
DA:2,1
DA:3,1
DA:4,1
DA:5,1
DA:6,1
DA:7,1
DA:8,1
DA:9,1
DA:10,1
DA:11,1
DA:12,1
DA:13,1
DA:14,1
DA:15,1
DA:16,1
DA:17,1
DA:18,1
DA:19,1
DA:20,1
DA:21,1
DA:22,1
DA:23,1
DA:24,44
DA:25,44
DA:26,44
DA:27,44
DA:28,44
DA:29,44
DA:30,44
DA:31,44
DA:32,44
DA:33,44
DA:34,44
DA:35,44
DA:36,44
DA:37,44
DA:38,44
DA:39,44
DA:40,44
DA:41,44
DA:42,44
DA:43,44
DA:44,44
DA:45,44
DA:46,44
DA:47,44
DA:48,44
DA:49,44
DA:50,12
DA:51,12
DA:52,44
DA:53,44
DA:54,44
DA:55,44
DA:56,44
DA:57,44
DA:58,11
DA:59,11
DA:60,44
DA:61,44
DA:62,44
DA:63,44
DA:64,44
DA:65,44
DA:66,6
DA:67,6
DA:68,44
DA:69,44
DA:70,44
DA:71,44
DA:72,44
DA:73,44
DA:74,6
DA:75,6
DA:76,44
DA:77,44
DA:78,44
DA:79,44
DA:80,44
DA:81,44
DA:82,6
DA:83,6
DA:84,44
DA:85,44
DA:86,44
DA:87,44
DA:88,44
DA:89,44
DA:90,8
DA:91,8
DA:92,44
DA:93,44
DA:94,44
DA:95,44
DA:96,44
DA:97,44
DA:98,16
DA:99,16
DA:100,44
DA:101,44
DA:102,44
DA:103,44
DA:104,44
DA:105,44
DA:106,3
DA:107,3
DA:108,44
DA:109,44
DA:110,44
DA:111,44
DA:112,44
DA:113,44
DA:114,3
DA:115,3
DA:116,44
DA:117,44
DA:118,44
DA:119,44
DA:120,44
DA:121,44
DA:122,3
DA:123,3
DA:124,44
DA:125,44
DA:126,44
DA:127,44
DA:128,44
DA:129,44
DA:130,3
DA:131,3
DA:132,44
DA:133,44
DA:134,44
DA:135,44
DA:136,44
DA:137,44
DA:138,3
DA:139,3
DA:140,44
DA:141,44
DA:142,44
DA:143,44
DA:144,44
DA:145,44
DA:146,3
DA:147,3
DA:148,44
DA:149,44
DA:150,44
DA:151,44
DA:152,44
DA:153,44
DA:154,44
DA:155,8
DA:156,8
DA:157,44
LF:157
LH:157
BRDA:23,0,0,44
BRDA:34,1,0,44
BRDA:49,2,0,12
BRDA:57,3,0,11
BRDA:65,4,0,6
BRDA:73,5,0,6
BRDA:81,6,0,6
BRDA:89,7,0,8
BRDA:97,8,0,16
BRDA:105,9,0,3
BRDA:113,10,0,3
BRDA:121,11,0,3
BRDA:129,12,0,3
BRDA:137,13,0,3
BRDA:145,14,0,3
BRDA:154,15,0,8
BRF:16
BRH:16
end_of_record
TN:
SF:src/proyecto/Items/Muebles/Silla.ts
FN:16,<instance_members_initializer>
FN:19,Silla
FN:32,get respaldo
FN:40,get reposabrazos
FN:48,set respaldo
FN:56,set reposabrazos
FNF:6
FNH:6
FNDA:22,<instance_members_initializer>
FNDA:22,Silla
FNDA:4,get respaldo
FNDA:4,get reposabrazos
FNDA:2,set respaldo
FNDA:2,set reposabrazos
DA:1,1
DA:2,1
DA:3,1
DA:4,1
DA:5,1
DA:6,1
DA:7,1
DA:8,1
DA:9,1
DA:10,1
DA:11,1
DA:12,1
DA:13,1
DA:14,1
DA:15,1
DA:16,1
DA:17,22
DA:18,22
DA:19,22
DA:20,22
DA:21,22
DA:22,22
DA:23,22
DA:24,22
DA:25,22
DA:26,22
DA:27,22
DA:28,22
DA:29,22
DA:30,22
DA:31,22
DA:32,22
DA:33,4
DA:34,4
DA:35,22
DA:36,22
DA:37,22
DA:38,22
DA:39,22
DA:40,22
DA:41,4
DA:42,4
DA:43,22
DA:44,22
DA:45,22
DA:46,22
DA:47,22
DA:48,22
DA:49,2
DA:50,2
DA:51,22
DA:52,22
DA:53,22
DA:54,22
DA:55,22
DA:56,22
DA:57,2
DA:58,2
DA:59,22
LF:59
LH:59
BRDA:16,0,0,22
BRDA:19,1,0,22
BRDA:32,2,0,4
BRDA:40,3,0,4
BRDA:48,4,0,2
BRDA:56,5,0,2
BRF:6
BRH:6
end_of_record
TN:
SF:src/proyecto/Items/Personas/Cliente.ts
FN:17,Cliente
FNF:1
FNH:1
FNDA:340,Cliente
DA:1,1
DA:2,1
DA:3,1
DA:4,1
DA:5,1
DA:6,1
DA:7,1
DA:8,1
DA:9,1
DA:10,1
DA:11,1
DA:12,1
DA:13,1
DA:14,1
DA:15,1
DA:16,1
DA:17,1
DA:18,340
DA:19,340
DA:20,1
LF:20
LH:20
BRDA:17,0,0,340
BRF:1
BRH:1
end_of_record
TN:
SF:src/proyecto/Items/Personas/Persona.ts
FN:14,<instance_members_initializer>
FN:18,Persona
FN:31,get id
FN:39,get nombre
FN:47,get contacto
FN:55,get direccion
FN:64,set id
FN:72,set nombre
FN:80,set contacto
FN:88,set direccion
FNF:10
FNH:10
FNDA:688,<instance_members_initializer>
FNDA:688,Persona
FNDA:163,get id
FNDA:6,get nombre
FNDA:6,get contacto
FNDA:6,get direccion
FNDA:2,set id
FNDA:4,set nombre
FNDA:2,set contacto
FNDA:2,set direccion
DA:1,1
DA:2,1
DA:3,1
DA:4,1
DA:5,1
DA:6,1
DA:7,1
DA:8,1
DA:9,1
DA:10,1
DA:11,1
DA:12,1
DA:13,1
DA:14,1
DA:15,688
DA:16,688
DA:17,688
DA:18,688
DA:19,688
DA:20,1
DA:21,1
DA:22,687
DA:23,687
DA:24,688
DA:25,688
DA:26,688
DA:27,688
DA:28,688
DA:29,688
DA:30,688
DA:31,688
DA:32,163
DA:33,163
DA:34,688
DA:35,688
DA:36,688
DA:37,688
DA:38,688
DA:39,688
DA:40,6
DA:41,6
DA:42,688
DA:43,688
DA:44,688
DA:45,688
DA:46,688
DA:47,688
DA:48,6
DA:49,6
DA:50,688
DA:51,688
DA:52,688
DA:53,688
DA:54,688
DA:55,688
DA:56,6
DA:57,6
DA:58,688
DA:59,688
DA:60,688
DA:61,688
DA:62,688
DA:63,688
DA:64,688
DA:65,2
DA:66,2
DA:67,688
DA:68,688
DA:69,688
DA:70,688
DA:71,688
DA:72,688
DA:73,4
DA:74,4
DA:75,688
DA:76,688
DA:77,688
DA:78,688
DA:79,688
DA:80,688
DA:81,2
DA:82,2
DA:83,688
DA:84,688
DA:85,688
DA:86,688
DA:87,688
DA:88,688
DA:89,2
DA:90,2
DA:91,688
LF:91
LH:91
BRDA:14,0,0,688
BRDA:18,1,0,688
BRDA:19,2,0,1
BRDA:22,3,0,687
BRDA:31,4,0,163
BRDA:39,5,0,6
BRDA:47,6,0,6
BRDA:55,7,0,6
BRDA:64,8,0,2
BRDA:72,9,0,4
BRDA:80,10,0,2
BRDA:88,11,0,2
BRF:12
BRH:12
end_of_record
TN:
SF:src/proyecto/Items/Personas/Proveedor.ts
FN:17,Proveedor
FNF:1
FNH:1
FNDA:348,Proveedor
DA:1,1
DA:2,1
DA:3,1
DA:4,1
DA:5,1
DA:6,1
DA:7,1
DA:8,1
DA:9,1
DA:10,1
DA:11,1
DA:12,1
DA:13,1
DA:14,1
DA:15,1
DA:16,1
DA:17,1
DA:18,348
DA:19,348
DA:20,1
LF:20
LH:20
BRDA:17,0,0,348
BRF:1
BRH:1
end_of_record
TN:
SF:src/proyecto/Items/Stock/Stock.ts
FN:25,<instance_members_initializer>
FN:25,<static_initializer>
FN:32,Stock
FN:37,get database
FN:44,getStock
FN:55,agregarVenta
FN:63,eliminarVenta
FN:71,eliminarDevolucion
FN:80,agregarDevolucion
FN:87,updateStock
FN:94,displayStock
FN:103,getStockParaInforme
FN:134,getMueblesMasVendidos
FN:159,getInfoCliente
FN:205,getInfoProveedor
FN:252,getCalendarioVentas
FN:311,returnStock
FNF:17
FNH:14
FNDA:1,<instance_members_initializer>
FNDA:1,<static_initializer>
FNDA:1,Stock
FNDA:8,get database
FNDA:75,getStock
FNDA:1,agregarVenta
FNDA:1,eliminarVenta
FNDA:1,eliminarDevolucion
FNDA:1,agregarDevolucion
FNDA:2,updateStock
FNDA:0,displayStock
FNDA:0,getStockParaInforme
FNDA:1,getMueblesMasVendidos
FNDA:1,getInfoCliente
FNDA:1,getInfoProveedor
FNDA:1,getCalendarioVentas
FNDA:0,returnStock
DA:1,1
DA:2,1
DA:3,1
DA:4,1
DA:5,1
DA:6,1
DA:7,1
DA:8,1
DA:9,1
DA:10,1
DA:11,1
DA:12,1
DA:13,1
DA:14,1
DA:15,1
DA:16,1
DA:17,1
DA:18,1
DA:19,1
DA:20,1
DA:21,1
DA:22,1
DA:23,1
DA:24,1
DA:25,1
DA:26,1
DA:27,1
DA:28,1
DA:29,1
DA:30,1
DA:31,1
DA:32,1
DA:33,1
DA:34,1
DA:35,1
DA:36,1
DA:37,1
DA:38,8
DA:39,8
DA:40,1
DA:41,1
DA:42,1
DA:43,1
DA:44,1
DA:45,75
DA:46,1
DA:47,1
DA:48,75
DA:49,1
DA:50,1
DA:51,1
DA:52,1
DA:53,1
DA:54,1
DA:55,1
DA:56,1
DA:57,1
DA:58,1
DA:59,1
DA:60,1
DA:61,1
DA:62,1
DA:63,1
DA:64,1
DA:65,1
DA:66,1
DA:67,1
DA:68,1
DA:69,1
DA:70,1
DA:71,1
DA:72,1
DA:73,1
DA:74,1
DA:75,1
DA:76,1
DA:77,1
DA:78,1
DA:79,1
DA:80,1
DA:81,1
DA:82,1
DA:83,1
DA:84,1
DA:85,1
DA:86,1
DA:87,1
DA:88,2
DA:89,2
DA:90,1
DA:91,1
DA:92,1
DA:93,1
DA:94,1
DA:95,0
DA:96,1
DA:97,1
DA:98,1
DA:99,1
DA:100,1
DA:101,1
DA:102,1
DA:103,1
DA:104,0
DA:105,0
DA:106,0
DA:107,0
DA:108,0
DA:109,0
DA:110,0
DA:111,0
DA:112,0
DA:113,0
DA:114,0
DA:115,0
DA:116,0
DA:117,0
DA:118,0
DA:119,0
DA:120,0
DA:121,0
DA:122,0
DA:123,0
DA:124,0
DA:125,0
DA:126,0
DA:127,0
DA:128,0
DA:129,1
DA:130,1
DA:131,1
DA:132,1
DA:133,1
DA:134,1
DA:135,1
DA:136,1
DA:137,1
DA:138,17
DA:139,17
DA:140,17
DA:141,4
DA:142,4
DA:143,17
DA:144,13
DA:145,13
DA:146,17
DA:147,1
DA:148,1
DA:149,1
DA:150,1
DA:151,1
DA:152,1
DA:153,1
DA:154,1
DA:155,1
DA:156,1
DA:157,1
DA:158,1
DA:159,1
DA:160,1
DA:161,1
DA:162,1
DA:163,1
DA:164,1
DA:165,1
DA:166,1
DA:167,1
DA:168,1
DA:169,1
DA:170,1
DA:171,1
DA:172,1
DA:173,1
DA:174,17
DA:175,2
DA:176,2
DA:177,2
DA:178,2
DA:179,2
DA:180,2
DA:181,2
DA:182,17
DA:183,1
DA:184,1
DA:185,1
DA:186,1
DA:187,9
DA:188,1
DA:189,1
DA:190,1
DA:191,1
DA:192,1
DA:193,1
DA:194,1
DA:195,9
DA:196,1
DA:197,1
DA:198,1
DA:199,1
DA:200,1
DA:201,1
DA:202,1
DA:203,1
DA:204,1
DA:205,1
DA:206,1
DA:207,1
DA:208,1
DA:209,1
DA:210,1
DA:211,1
DA:212,1
DA:213,1
DA:214,1
DA:215,1
DA:216,1
DA:217,1
DA:218,1
DA:219,1
DA:220,17
DA:221,2
DA:222,2
DA:223,2
DA:224,2
DA:225,2
DA:226,2
DA:227,2
DA:228,17
DA:229,1
DA:230,1
DA:231,1
DA:232,1
DA:233,9
DA:234,1
DA:235,1
DA:236,1
DA:237,1
DA:238,1
DA:239,1
DA:240,1
DA:241,9
DA:242,1
DA:243,1
DA:244,1
DA:245,1
DA:246,1
DA:247,1
DA:248,1
DA:249,1
DA:250,1
DA:251,1
DA:252,1
DA:253,1
DA:254,1
DA:255,1
DA:256,0
DA:257,0
DA:258,0
DA:259,0
DA:260,0
DA:261,0
DA:262,0
DA:263,0
DA:264,0
DA:265,0
DA:266,0
DA:267,0
DA:268,0
DA:269,0
DA:270,0
DA:271,0
DA:272,1
DA:273,0
DA:274,0
DA:275,0
DA:276,0
DA:277,0
DA:278,0
DA:279,0
DA:280,0
DA:281,0
DA:282,0
DA:283,0
DA:284,0
DA:285,0
DA:286,0
DA:287,0
DA:288,1
DA:289,0
DA:290,0
DA:291,0
DA:292,0
DA:293,0
DA:294,0
DA:295,0
DA:296,0
DA:297,0
DA:298,0
DA:299,0
DA:300,0
DA:301,0
DA:302,0
DA:303,0
DA:304,1
DA:305,1
DA:306,1
DA:307,1
DA:308,1
DA:309,1
DA:310,1
DA:311,1
DA:312,0
DA:313,0
DA:314,1
LF:314
LH:240
BRDA:25,0,0,1
BRDA:25,1,0,1
BRDA:32,2,0,1
BRDA:37,3,0,8
BRDA:44,4,0,75
BRDA:45,5,0,1
BRDA:55,6,0,1
BRDA:63,7,0,1
BRDA:71,8,0,1
BRDA:80,9,0,1
BRDA:87,10,0,2
BRDA:134,11,0,1
BRDA:137,12,0,17
BRDA:140,13,0,4
BRDA:143,14,0,13
BRDA:149,15,0,32
BRDA:159,16,0,1
BRDA:173,17,0,17
BRDA:174,18,0,2
BRDA:186,19,0,9
BRDA:187,20,0,1
BRDA:205,21,0,1
BRDA:219,22,0,17
BRDA:220,23,0,2
BRDA:232,24,0,9
BRDA:233,25,0,1
BRDA:252,26,0,1
BRDA:255,27,0,0
BRDA:255,28,0,0
BRDA:272,29,0,0
BRDA:272,30,0,0
BRDA:288,31,0,0
BRF:32
BRH:27
end_of_record
TN:
SF:src/proyecto/Items/Transacciones/Devolucion.ts
FN:18,Devolucion
FNF:1
FNH:1
FNDA:314,Devolucion
DA:1,1
DA:2,1
DA:3,1
DA:4,1
DA:5,1
DA:6,1
DA:7,1
DA:8,1
DA:9,1
DA:10,1
DA:11,1
DA:12,1
DA:13,1
DA:14,1
DA:15,1
DA:16,1
DA:17,1
DA:18,1
DA:19,314
DA:20,314
DA:21,1
LF:21
LH:21
BRDA:18,0,0,314
BRF:1
BRH:1
end_of_record
TN:
SF:src/proyecto/Items/Transacciones/Transaccion.ts
FN:15,<instance_members_initializer>
FN:23,Transaccion
FN:35,get id
FN:43,get fecha
FN:51,get importe
FN:59,get mueble
FN:67,get persona
FN:75,set fecha
FN:83,set importe
FN:91,set mueble
FN:99,set persona
FN:106,set id
FNF:12
FNH:12
FNDA:918,<instance_members_initializer>
FNDA:918,Transaccion
FNDA:65,get id
FNDA:14,get fecha
FNDA:20,get importe
FNDA:31,get mueble
FNDA:60,get persona
FNDA:4,set fecha
FNDA:4,set importe
FNDA:4,set mueble
FNDA:4,set persona
FNDA:1,set id
DA:1,1
DA:2,1
DA:3,1
DA:4,1
DA:5,1
DA:6,1
DA:7,1
DA:8,1
DA:9,1
DA:10,1
DA:11,1
DA:12,1
DA:13,1
DA:14,1
DA:15,1
DA:16,918
DA:17,918
DA:18,918
DA:19,918
DA:20,918
DA:21,918
DA:22,918
DA:23,918
DA:24,918
DA:25,918
DA:26,918
DA:27,918
DA:28,918
DA:29,918
DA:30,918
DA:31,918
DA:32,918
DA:33,918
DA:34,918
DA:35,918
DA:36,65
DA:37,65
DA:38,918
DA:39,918
DA:40,918
DA:41,918
DA:42,918
DA:43,918
DA:44,14
DA:45,14
DA:46,918
DA:47,918
DA:48,918
DA:49,918
DA:50,918
DA:51,918
DA:52,20
DA:53,20
DA:54,918
DA:55,918
DA:56,918
DA:57,918
DA:58,918
DA:59,918
DA:60,31
DA:61,31
DA:62,918
DA:63,918
DA:64,918
DA:65,918
DA:66,918
DA:67,918
DA:68,60
DA:69,60
DA:70,918
DA:71,918
DA:72,918
DA:73,918
DA:74,918
DA:75,918
DA:76,4
DA:77,4
DA:78,918
DA:79,918
DA:80,918
DA:81,918
DA:82,918
DA:83,918
DA:84,4
DA:85,4
DA:86,918
DA:87,918
DA:88,918
DA:89,918
DA:90,918
DA:91,918
DA:92,4
DA:93,4
DA:94,918
DA:95,918
DA:96,918
DA:97,918
DA:98,918
DA:99,918
DA:100,4
DA:101,4
DA:102,918
DA:103,918
DA:104,918
DA:105,918
DA:106,918
DA:107,1
DA:108,1
DA:109,918
LF:109
LH:109
BRDA:15,0,0,918
BRDA:23,1,0,918
BRDA:35,2,0,65
BRDA:43,3,0,14
BRDA:51,4,0,20
BRDA:59,5,0,31
BRDA:67,6,0,60
BRDA:75,7,0,4
BRDA:83,8,0,4
BRDA:91,9,0,4
BRDA:99,10,0,4
BRDA:106,11,0,1
BRF:12
BRH:12
end_of_record
TN:
SF:src/proyecto/Items/Transacciones/Venta.ts
FN:17,Venta
FNF:1
FNH:1
FNDA:604,Venta
DA:1,1
DA:2,1
DA:3,1
DA:4,1
DA:5,1
DA:6,1
DA:7,1
DA:8,1
DA:9,1
DA:10,1
DA:11,1
DA:12,1
DA:13,1
DA:14,1
DA:15,1
DA:16,1
DA:17,1
DA:18,604
DA:19,604
DA:20,1
LF:20
LH:20
BRDA:17,0,0,604
BRF:1
BRH:1
end_of_record
