TN:
SF:src/proyecto/Items/Muebles/Mueble.ts
FN:23,<instance_members_initializer>
FN:31,Mueble
FN:46,get id
FN:54,get nombre
FN:62,get descripcion
FN:70,get material
FN:78,get dimensiones
FN:86,get precio
FN:94,set id
FN:102,set nombre
FN:110,set descripcion
FN:118,set material
FN:126,set dimensiones
FN:134,set precio
FNF:14
FNH:14
FNDA:22,<instance_members_initializer>
FNDA:22,Mueble
FNDA:2,get id
FNDA:2,get nombre
FNDA:2,get descripcion
FNDA:2,get material
FNDA:2,get dimensiones
FNDA:2,get precio
FNDA:1,set id
FNDA:1,set nombre
FNDA:1,set descripcion
FNDA:1,set material
FNDA:1,set dimensiones
FNDA:1,set precio
DA:1,1
DA:2,1
DA:3,1
DA:4,1
DA:5,1
DA:6,1
DA:7,1
DA:8,1
DA:9,1
DA:10,1
DA:11,1
DA:12,1
DA:13,1
DA:14,1
DA:15,1
DA:16,1
DA:17,1
DA:18,1
DA:19,1
DA:20,1
DA:21,1
DA:22,1
DA:23,1
DA:24,22
DA:25,22
DA:26,22
DA:27,22
DA:28,22
DA:29,22
DA:30,22
DA:31,22
DA:32,22
DA:33,22
DA:34,22
DA:35,22
DA:36,22
DA:37,22
DA:38,22
DA:39,22
DA:40,22
DA:41,22
DA:42,22
DA:43,22
DA:44,22
DA:45,22
DA:46,22
DA:47,2
DA:48,2
DA:49,22
DA:50,22
DA:51,22
DA:52,22
DA:53,22
DA:54,22
DA:55,2
DA:56,2
DA:57,22
DA:58,22
DA:59,22
DA:60,22
DA:61,22
DA:62,22
DA:63,2
DA:64,2
DA:65,22
DA:66,22
DA:67,22
DA:68,22
DA:69,22
DA:70,22
DA:71,2
DA:72,2
DA:73,22
DA:74,22
DA:75,22
DA:76,22
DA:77,22
DA:78,22
DA:79,2
DA:80,2
DA:81,22
DA:82,22
DA:83,22
DA:84,22
DA:85,22
DA:86,22
DA:87,2
DA:88,2
DA:89,22
DA:90,22
DA:91,22
DA:92,22
DA:93,22
DA:94,22
DA:95,1
DA:96,1
DA:97,22
DA:98,22
DA:99,22
DA:100,22
DA:101,22
DA:102,22
DA:103,1
DA:104,1
DA:105,22
DA:106,22
DA:107,22
DA:108,22
DA:109,22
DA:110,22
DA:111,1
DA:112,1
DA:113,22
DA:114,22
DA:115,22
DA:116,22
DA:117,22
DA:118,22
DA:119,1
DA:120,1
DA:121,22
DA:122,22
DA:123,22
DA:124,22
DA:125,22
DA:126,22
DA:127,1
DA:128,1
DA:129,22
DA:130,22
DA:131,22
DA:132,22
DA:133,22
DA:134,22
DA:135,1
DA:136,1
DA:137,22
DA:138,22
LF:138
LH:138
BRDA:23,0,0,22
BRDA:31,1,0,22
BRDA:46,2,0,2
BRDA:54,3,0,2
BRDA:62,4,0,2
BRDA:70,5,0,2
BRDA:78,6,0,2
BRDA:86,7,0,2
BRDA:94,8,0,1
BRDA:102,9,0,1
BRDA:110,10,0,1
BRDA:118,11,0,1
BRDA:126,12,0,1
BRDA:134,13,0,1
BRF:14
BRH:14
end_of_record
TN:
SF:src/proyecto/Items/Muebles/Silla.ts
FN:16,<instance_members_initializer>
FN:19,Silla
FN:31,get respaldo
FN:39,get reposabrazos
FN:47,set respaldo
FN:55,set reposabrazos
FNF:6
FNH:6
FNDA:22,<instance_members_initializer>
FNDA:22,Silla
FNDA:4,get respaldo
FNDA:4,get reposabrazos
FNDA:2,set respaldo
FNDA:2,set reposabrazos
DA:1,1
DA:2,1
DA:3,1
DA:4,1
DA:5,1
DA:6,1
DA:7,1
DA:8,1
DA:9,1
DA:10,1
DA:11,1
DA:12,1
DA:13,1
DA:14,1
DA:15,1
DA:16,1
DA:17,22
DA:18,22
DA:19,22
DA:20,22
DA:21,22
DA:22,22
DA:23,22
DA:24,22
DA:25,22
DA:26,22
DA:27,22
DA:28,22
DA:29,22
DA:30,22
DA:31,22
DA:32,4
DA:33,4
DA:34,22
DA:35,22
DA:36,22
DA:37,22
DA:38,22
DA:39,22
DA:40,4
DA:41,4
DA:42,22
DA:43,22
DA:44,22
DA:45,22
DA:46,22
DA:47,22
DA:48,2
DA:49,2
DA:50,22
DA:51,22
DA:52,22
DA:53,22
DA:54,22
DA:55,22
DA:56,2
DA:57,2
DA:58,22
LF:58
LH:58
BRDA:16,0,0,22
BRDA:19,1,0,22
BRDA:31,2,0,4
BRDA:39,3,0,4
BRDA:47,4,0,2
BRDA:55,5,0,2
BRF:6
BRH:6
end_of_record
TN:
SF:src/proyecto/Items/Personas/Cliente.ts
FN:17,Cliente
FNF:1
FNH:1
FNDA:9,Cliente
DA:1,1
DA:2,1
DA:3,1
DA:4,1
DA:5,1
DA:6,1
DA:7,1
DA:8,1
DA:9,1
DA:10,1
DA:11,1
DA:12,1
DA:13,1
DA:14,1
DA:15,1
DA:16,1
DA:17,1
DA:18,9
DA:19,9
DA:20,1
DA:21,1
DA:22,1
DA:23,1
DA:24,1
LF:24
LH:24
BRDA:17,0,0,9
BRF:1
BRH:1
end_of_record
TN:
SF:src/proyecto/Items/Personas/Persona.ts
FN:14,<instance_members_initializer>
FN:16,Persona
FN:29,get id
FN:37,get nombre
FN:45,get contacto
FN:53,get direccion
FN:62,set id
FN:70,set nombre
FN:78,set contacto
FN:86,set direccion
FNF:10
FNH:10
FNDA:20,<instance_members_initializer>
FNDA:20,Persona
FNDA:4,get id
FNDA:4,get nombre
FNDA:4,get contacto
FNDA:4,get direccion
FNDA:2,set id
FNDA:2,set nombre
FNDA:2,set contacto
FNDA:2,set direccion
DA:1,1
DA:2,1
DA:3,1
DA:4,1
DA:5,1
DA:6,1
DA:7,1
DA:8,1
DA:9,1
DA:10,1
DA:11,1
DA:12,1
DA:13,1
DA:14,1
DA:15,20
DA:16,20
DA:17,20
DA:18,1
DA:19,1
DA:20,19
DA:21,19
DA:22,20
DA:23,20
DA:24,20
DA:25,20
DA:26,20
DA:27,20
DA:28,20
DA:29,20
DA:30,4
DA:31,4
DA:32,20
DA:33,20
DA:34,20
DA:35,20
DA:36,20
DA:37,20
DA:38,4
DA:39,4
DA:40,20
DA:41,20
DA:42,20
DA:43,20
DA:44,20
DA:45,20
DA:46,4
DA:47,4
DA:48,20
DA:49,20
DA:50,20
DA:51,20
DA:52,20
DA:53,20
DA:54,4
DA:55,4
DA:56,20
DA:57,20
DA:58,20
DA:59,20
DA:60,20
DA:61,20
DA:62,20
DA:63,2
DA:64,2
DA:65,20
DA:66,20
DA:67,20
DA:68,20
DA:69,20
DA:70,20
DA:71,2
DA:72,2
DA:73,20
DA:74,20
DA:75,20
DA:76,20
DA:77,20
DA:78,20
DA:79,2
DA:80,2
DA:81,20
DA:82,20
DA:83,20
DA:84,20
DA:85,20
DA:86,20
DA:87,2
DA:88,2
DA:89,20
LF:89
LH:89
BRDA:14,0,0,20
BRDA:16,1,0,20
BRDA:17,2,0,1
BRDA:20,3,0,19
BRDA:29,4,0,4
BRDA:37,5,0,4
BRDA:45,6,0,4
BRDA:53,7,0,4
BRDA:62,8,0,2
BRDA:70,9,0,2
BRDA:78,10,0,2
BRDA:86,11,0,2
BRF:12
BRH:12
end_of_record
TN:
SF:src/proyecto/Items/Personas/Proveedor.ts
FN:17,Proveedor
FNF:1
FNH:1
FNDA:11,Proveedor
DA:1,1
DA:2,1
DA:3,1
DA:4,1
DA:5,1
DA:6,1
DA:7,1
DA:8,1
DA:9,1
DA:10,1
DA:11,1
DA:12,1
DA:13,1
DA:14,1
DA:15,1
DA:16,1
DA:17,1
DA:18,11
DA:19,11
DA:20,1
DA:21,1
DA:22,1
DA:23,1
DA:24,1
LF:24
LH:24
BRDA:17,0,0,11
BRF:1
BRH:1
end_of_record
TN:
SF:src/proyecto/Items/Transacciones/Devolucion.ts
FN:19,Devolucion
FNF:1
FNH:1
FNDA:6,Devolucion
DA:1,1
DA:2,1
DA:3,1
DA:4,1
DA:5,1
DA:6,1
DA:7,1
DA:8,1
DA:9,1
DA:10,1
DA:11,1
DA:12,1
DA:13,1
DA:14,1
DA:15,1
DA:16,1
DA:17,1
DA:18,1
DA:19,1
DA:20,6
DA:21,6
DA:22,1
LF:22
LH:22
BRDA:19,0,0,6
BRF:1
BRH:1
end_of_record
TN:
SF:src/proyecto/Items/Transacciones/Transaccion.ts
FN:18,<instance_members_initializer>
FN:24,Transaccion
FN:35,get fecha
FN:43,get importe
FN:51,get mueble
FN:59,get persona
FN:67,set fecha
FN:75,set importe
FN:83,set mueble
FN:91,set persona
FNF:10
FNH:10
FNDA:12,<instance_members_initializer>
FNDA:12,Transaccion
FNDA:8,get fecha
FNDA:8,get importe
FNDA:8,get mueble
FNDA:8,get persona
FNDA:4,set fecha
FNDA:4,set importe
FNDA:4,set mueble
FNDA:4,set persona
DA:1,1
DA:2,1
DA:3,1
DA:4,1
DA:5,1
DA:6,1
DA:7,1
DA:8,1
DA:9,1
DA:10,1
DA:11,1
DA:12,1
DA:13,1
DA:14,1
DA:15,1
DA:16,1
DA:17,1
DA:18,1
DA:19,12
DA:20,12
DA:21,12
DA:22,12
DA:23,12
DA:24,12
DA:25,12
DA:26,12
DA:27,12
DA:28,12
DA:29,12
DA:30,12
DA:31,12
DA:32,12
DA:33,12
DA:34,12
DA:35,12
DA:36,8
DA:37,8
DA:38,12
DA:39,12
DA:40,12
DA:41,12
DA:42,12
DA:43,12
DA:44,8
DA:45,8
DA:46,12
DA:47,12
DA:48,12
DA:49,12
DA:50,12
DA:51,12
DA:52,8
DA:53,8
DA:54,12
DA:55,12
DA:56,12
DA:57,12
DA:58,12
DA:59,12
DA:60,8
DA:61,8
DA:62,12
DA:63,12
DA:64,12
DA:65,12
DA:66,12
DA:67,12
DA:68,4
DA:69,4
DA:70,12
DA:71,12
DA:72,12
DA:73,12
DA:74,12
DA:75,12
DA:76,4
DA:77,4
DA:78,12
DA:79,12
DA:80,12
DA:81,12
DA:82,12
DA:83,12
DA:84,4
DA:85,4
DA:86,12
DA:87,12
DA:88,12
DA:89,12
DA:90,12
DA:91,12
DA:92,4
DA:93,4
DA:94,12
LF:94
LH:94
BRDA:18,0,0,12
BRDA:24,1,0,12
BRDA:35,2,0,8
BRDA:43,3,0,8
BRDA:51,4,0,8
BRDA:59,5,0,8
BRDA:67,6,0,4
BRDA:75,7,0,4
BRDA:83,8,0,4
BRDA:91,9,0,4
BRF:10
BRH:10
end_of_record
TN:
SF:src/proyecto/Items/Transacciones/Venta.ts
FN:19,Venta
FNF:1
FNH:1
FNDA:6,Venta
DA:1,1
DA:2,1
DA:3,1
DA:4,1
DA:5,1
DA:6,1
DA:7,1
DA:8,1
DA:9,1
DA:10,1
DA:11,1
DA:12,1
DA:13,1
DA:14,1
DA:15,1
DA:16,1
DA:17,1
DA:18,1
DA:19,1
DA:20,6
DA:21,6
DA:22,1
LF:22
LH:22
BRDA:19,0,0,6
BRF:1
BRH:1
end_of_record
